<?xml version="1.0" encoding="UTF-8"?>
<testsuite xmlns:xsi="http://www.w3.org/2001/XMLSchema-instance" xsi:noNamespaceSchemaLocation="https://maven.apache.org/surefire/maven-surefire-plugin/xsd/surefire-test-report.xsd" name="study.plan.AppTest" time="0.145" tests="2" errors="1" skipped="0" failures="0">
  <properties>
[...]
</properties>
  <testcase name="shouldAnswerWithTrue" classname="study.plan.AppTest" time="0"/>
  <testcase name="readImage" classname="study.plan.AppTest" time="0.141">
    <error message="input == null!" type="java.lang.IllegalArgumentException">java.lang.IllegalArgumentException: input == null!
	at study.plan.AppTest.readImage(AppTest.java:30)
</error>
  </testcase>
</testsuite>